<?xml version="1.0" encoding="UTF-8"?>
<!-- Generated by org.testng.reporters.JUnitXMLReporter -->
<testsuite hostname="DESKTOP-RPHKEG2" ignored="0" name="Test" tests="2" failures="1" timestamp="07 Sep 2018 09:08:21 GMT" time="72.405" errors="0">
  <testcase name="invalidLogin" time="0.23" classname="script.TestScript">
    <failure type="java.lang.AssertionError" message="null">
      <![CDATA[java.lang.AssertionError: null
at script.TestScript.invalidLogin(TestScript.java:33)
... Removed 27 stack frames]]>
    </failure>
  </testcase> <!-- invalidLogin -->
  <testcase name="validLogin" time="0.283" classname="script.TestScript"/>
</testsuite> <!-- Test -->
